-- Install configuration: ""
-- Up-to-date: /home/zyme/ros_ws/navfuse/install/navfuse/share/navfuse//launch
-- Up-to-date: /home/zyme/ros_ws/navfuse/install/navfuse/share/navfuse//launch/tran.launch.py
-- Installing: /home/zyme/ros_ws/navfuse/install/navfuse/share/navfuse//launch/test.launch.xml
-- Up-to-date: /home/zyme/ros_ws/navfuse/install/navfuse/share/navfuse//launch/mapviz.launch.py
-- Up-to-date: /home/zyme/ros_ws/navfuse/install/navfuse/share/navfuse//launch/launch.launch.py
-- Up-to-date: /home/zyme/ros_ws/navfuse/install/navfuse/share/navfuse//config
-- Up-to-date: /home/zyme/ros_ws/navfuse/install/navfuse/share/navfuse//config/ekf_with_gps.yaml
-- Up-to-date: /home/zyme/ros_ws/navfuse/install/navfuse/share/navfuse//config/navsat_transform.yaml
-- Up-to-date: /home/zyme/ros_ws/navfuse/install/navfuse/share/ament_index/resource_index/package_run_dependencies/navfuse
-- Up-to-date: /home/zyme/ros_ws/navfuse/install/navfuse/share/ament_index/resource_index/parent_prefix_path/navfuse
-- Up-to-date: /home/zyme/ros_ws/navfuse/install/navfuse/share/navfuse/environment/ament_prefix_path.sh
-- Up-to-date: /home/zyme/ros_ws/navfuse/install/navfuse/share/navfuse/environment/ament_prefix_path.dsv
-- Up-to-date: /home/zyme/ros_ws/navfuse/install/navfuse/share/navfuse/environment/path.sh
-- Up-to-date: /home/zyme/ros_ws/navfuse/install/navfuse/share/navfuse/environment/path.dsv
-- Up-to-date: /home/zyme/ros_ws/navfuse/install/navfuse/share/navfuse/local_setup.bash
-- Up-to-date: /home/zyme/ros_ws/navfuse/install/navfuse/share/navfuse/local_setup.sh
-- Up-to-date: /home/zyme/ros_ws/navfuse/install/navfuse/share/navfuse/local_setup.zsh
-- Up-to-date: /home/zyme/ros_ws/navfuse/install/navfuse/share/navfuse/local_setup.dsv
-- Up-to-date: /home/zyme/ros_ws/navfuse/install/navfuse/share/navfuse/package.dsv
-- Up-to-date: /home/zyme/ros_ws/navfuse/install/navfuse/share/ament_index/resource_index/packages/navfuse
-- Up-to-date: /home/zyme/ros_ws/navfuse/install/navfuse/share/navfuse/cmake/navfuseConfig.cmake
-- Up-to-date: /home/zyme/ros_ws/navfuse/install/navfuse/share/navfuse/cmake/navfuseConfig-version.cmake
-- Up-to-date: /home/zyme/ros_ws/navfuse/install/navfuse/share/navfuse/package.xml
