[0.145s] Invoking command in '/home/zyme/ros_ws/navfuse/build/navfuse': CMAKE_PREFIX_PATH=${CMAKE_PREFIX_PATH}:/opt/ros/humble /usr/bin/cmake /home/zyme/ros_ws/navfuse -DCMAKE_INSTALL_PREFIX=/home/zyme/ros_ws/navfuse/install/navfuse
[0.288s] -- The C compiler identification is GNU 11.4.0
[0.419s] -- The CXX compiler identification is GNU 11.4.0
[0.433s] -- Detecting C compiler ABI info
[0.525s] -- Detecting C compiler ABI info - done
[0.534s] -- Check for working C compiler: /usr/bin/cc - skipped
[0.534s] -- Detecting C compile features
[0.535s] -- Detecting C compile features - done
[0.541s] -- Detecting CXX compiler ABI info
[0.645s] -- Detecting CXX compiler ABI info - done
[0.655s] -- Check for working CXX compiler: /usr/bin/c++ - skipped
[0.655s] -- Detecting CXX compile features
[0.656s] -- Detecting CXX compile features - done
[0.664s] -- Found ament_cmake: 1.3.5 (/opt/ros/humble/share/ament_cmake/cmake)
[0.894s] -- Found Python3: /usr/bin/python3.10 (found version "3.10.12") found components: Interpreter 
[1.033s] -- Found rclcpp: 16.0.6 (/opt/ros/humble/share/rclcpp/cmake)
[1.113s] -- Found rosidl_generator_c: 3.1.5 (/opt/ros/humble/share/rosidl_generator_c/cmake)
[1.122s] -- Found rosidl_adapter: 3.1.5 (/opt/ros/humble/share/rosidl_adapter/cmake)
[1.137s] -- Found rosidl_generator_cpp: 3.1.5 (/opt/ros/humble/share/rosidl_generator_cpp/cmake)
[1.165s] -- Using all available rosidl_typesupport_c: rosidl_typesupport_fastrtps_c;rosidl_typesupport_introspection_c
[1.199s] -- Using all available rosidl_typesupport_cpp: rosidl_typesupport_fastrtps_cpp;rosidl_typesupport_introspection_cpp
[1.309s] -- Found rmw_implementation_cmake: 6.1.1 (/opt/ros/humble/share/rmw_implementation_cmake/cmake)
[1.314s] -- Found rmw_fastrtps_cpp: 6.2.4 (/opt/ros/humble/share/rmw_fastrtps_cpp/cmake)
[1.476s] -- Found OpenSSL: /usr/lib/x86_64-linux-gnu/libcrypto.so (found version "3.0.2")  
[1.508s] -- Found FastRTPS: /opt/ros/humble/include  
[1.581s] -- Using RMW implementation 'rmw_fastrtps_cpp' as default
[1.602s] -- Looking for pthread.h
[1.704s] -- Looking for pthread.h - found
[1.705s] -- Performing Test CMAKE_HAVE_LIBC_PTHREAD
[1.800s] -- Performing Test CMAKE_HAVE_LIBC_PTHREAD - Success
[1.801s] -- Found Threads: TRUE  
[1.996s] -- Found rclpy: 3.3.10 (/opt/ros/humble/share/rclpy/cmake)
[1.999s] -- Found sensor_msgs: 4.2.3 (/opt/ros/humble/share/sensor_msgs/cmake)
[2.159s] -- Found tf2: 0.25.4 (/opt/ros/humble/share/tf2/cmake)
[2.181s] -- Found tf2_ros: 0.25.4 (/opt/ros/humble/share/tf2_ros/cmake)
[2.604s] -- Found ament_lint_auto: 0.12.8 (/opt/ros/humble/share/ament_lint_auto/cmake)
[2.721s] -- Added test 'cppcheck' to perform static code analysis on C / C++ code
[2.721s] -- Configured cppcheck include dirs: 
[2.721s] -- Configured cppcheck exclude dirs and/or files: 
[2.723s] -- Added test 'flake8' to check Python code syntax and style conventions
[2.725s] -- Added test 'lint_cmake' to check CMake code style
[2.727s] -- Added test 'pep257' to check Python code against some of the docstring style conventions in PEP 257
[2.736s] -- Added test 'uncrustify' to check C / C++ code style
[2.736s] -- Configured uncrustify additional arguments: 
[2.738s] -- Added test 'xmllint' to check XML markup files
[2.741s] -- Configuring done
[2.748s] -- Generating done
[2.750s] -- Build files have been written to: /home/zyme/ros_ws/navfuse/build/navfuse
[2.765s] Invoked command in '/home/zyme/ros_ws/navfuse/build/navfuse' returned '0': CMAKE_PREFIX_PATH=${CMAKE_PREFIX_PATH}:/opt/ros/humble /usr/bin/cmake /home/zyme/ros_ws/navfuse -DCMAKE_INSTALL_PREFIX=/home/zyme/ros_ws/navfuse/install/navfuse
[2.767s] Invoking command in '/home/zyme/ros_ws/navfuse/build/navfuse': CMAKE_PREFIX_PATH=${CMAKE_PREFIX_PATH}:/opt/ros/humble /usr/bin/cmake --build /home/zyme/ros_ws/navfuse/build/navfuse -- -j12 -l12
[2.814s] Invoked command in '/home/zyme/ros_ws/navfuse/build/navfuse' returned '0': CMAKE_PREFIX_PATH=${CMAKE_PREFIX_PATH}:/opt/ros/humble /usr/bin/cmake --build /home/zyme/ros_ws/navfuse/build/navfuse -- -j12 -l12
[2.851s] Invoking command in '/home/zyme/ros_ws/navfuse/build/navfuse': CMAKE_PREFIX_PATH=${CMAKE_PREFIX_PATH}:/opt/ros/humble /usr/bin/cmake --install /home/zyme/ros_ws/navfuse/build/navfuse
[2.863s] -- Install configuration: ""
[2.863s] -- Installing: /home/zyme/ros_ws/navfuse/install/navfuse/share/navfuse//launch
[2.863s] -- Installing: /home/zyme/ros_ws/navfuse/install/navfuse/share/navfuse//launch/test.launch
[2.863s] -- Installing: /home/zyme/ros_ws/navfuse/install/navfuse/share/navfuse//launch/mapviz.launch.py
[2.863s] -- Installing: /home/zyme/ros_ws/navfuse/install/navfuse/share/navfuse//launch/launch.launch.py
[2.863s] -- Installing: /home/zyme/ros_ws/navfuse/install/navfuse/share/navfuse//config
[2.863s] -- Installing: /home/zyme/ros_ws/navfuse/install/navfuse/share/navfuse//config/ekf_with_gps.yaml
[2.864s] -- Installing: /home/zyme/ros_ws/navfuse/install/navfuse/share/ament_index/resource_index/package_run_dependencies/navfuse
[2.864s] -- Installing: /home/zyme/ros_ws/navfuse/install/navfuse/share/ament_index/resource_index/parent_prefix_path/navfuse
[2.864s] -- Installing: /home/zyme/ros_ws/navfuse/install/navfuse/share/navfuse/environment/ament_prefix_path.sh
[2.864s] -- Installing: /home/zyme/ros_ws/navfuse/install/navfuse/share/navfuse/environment/ament_prefix_path.dsv
[2.864s] -- Installing: /home/zyme/ros_ws/navfuse/install/navfuse/share/navfuse/environment/path.sh
[2.864s] -- Installing: /home/zyme/ros_ws/navfuse/install/navfuse/share/navfuse/environment/path.dsv
[2.865s] -- Installing: /home/zyme/ros_ws/navfuse/install/navfuse/share/navfuse/local_setup.bash
[2.865s] -- Installing: /home/zyme/ros_ws/navfuse/install/navfuse/share/navfuse/local_setup.sh
[2.865s] -- Installing: /home/zyme/ros_ws/navfuse/install/navfuse/share/navfuse/local_setup.zsh
[2.865s] -- Installing: /home/zyme/ros_ws/navfuse/install/navfuse/share/navfuse/local_setup.dsv
[2.865s] -- Installing: /home/zyme/ros_ws/navfuse/install/navfuse/share/navfuse/package.dsv
[2.865s] -- Installing: /home/zyme/ros_ws/navfuse/install/navfuse/share/ament_index/resource_index/packages/navfuse
[2.865s] -- Installing: /home/zyme/ros_ws/navfuse/install/navfuse/share/navfuse/cmake/navfuseConfig.cmake
[2.866s] -- Installing: /home/zyme/ros_ws/navfuse/install/navfuse/share/navfuse/cmake/navfuseConfig-version.cmake
[2.866s] -- Installing: /home/zyme/ros_ws/navfuse/install/navfuse/share/navfuse/package.xml
[2.868s] Invoked command in '/home/zyme/ros_ws/navfuse/build/navfuse' returned '0': CMAKE_PREFIX_PATH=${CMAKE_PREFIX_PATH}:/opt/ros/humble /usr/bin/cmake --install /home/zyme/ros_ws/navfuse/build/navfuse
