[1.230s] DEBUG:colcon:Command line arguments: ['/usr/bin/colcon', 'build']
[1.230s] DEBUG:colcon:Parsed command line arguments: Namespace(log_base=None, log_level=None, verb_name='build', build_base='build', install_base='install', merge_install=False, symlink_install=False, test_result_base=None, continue_on_error=False, executor='parallel', parallel_workers=12, event_handlers=None, ignore_user_meta=False, metas=['./colcon.meta'], base_paths=['.'], packages_ignore=None, packages_ignore_regex=None, paths=None, packages_up_to=None, packages_up_to_regex=None, packages_above=None, packages_above_and_dependencies=None, packages_above_depth=None, packages_select_by_dep=None, packages_skip_by_dep=None, packages_skip_up_to=None, packages_select_build_failed=False, packages_skip_build_finished=False, packages_select_test_failures=False, packages_skip_test_passed=False, packages_select=None, packages_skip=None, packages_select_regex=None, packages_skip_regex=None, packages_start=None, packages_end=None, allow_overriding=[], cmake_args=None, cmake_target=None, cmake_target_skip_unavailable=False, cmake_clean_cache=False, cmake_clean_first=False, cmake_force_configure=False, ament_cmake_args=None, catkin_cmake_args=None, catkin_skip_building_tests=False, verb_parser=<colcon_defaults.argument_parser.defaults.DefaultArgumentsDecorator object at 0x7feb2c17b430>, verb_extension=<colcon_core.verb.build.BuildVerb object at 0x7feb2c17b100>, main=<bound method BuildVerb.main of <colcon_core.verb.build.BuildVerb object at 0x7feb2c17b100>>)
[1.298s] Level 1:colcon.colcon_core.package_discovery:discover_packages(colcon_meta) check parameters
[1.298s] Level 1:colcon.colcon_core.package_discovery:discover_packages(recursive) check parameters
[1.298s] Level 1:colcon.colcon_core.package_discovery:discover_packages(ignore) check parameters
[1.298s] Level 1:colcon.colcon_core.package_discovery:discover_packages(path) check parameters
[1.298s] Level 1:colcon.colcon_core.package_discovery:discover_packages(colcon_meta) discover
[1.298s] Level 1:colcon.colcon_core.package_discovery:discover_packages(recursive) discover
[1.298s] INFO:colcon.colcon_core.package_discovery:Crawling recursively for packages in '/home/zyme/ros_ws/navfuse'
[1.298s] Level 1:colcon.colcon_core.package_identification:_identify(.) by extensions ['ignore', 'ignore_ament_install']
[1.299s] Level 1:colcon.colcon_core.package_identification:_identify(.) by extension 'ignore'
[1.299s] Level 1:colcon.colcon_core.package_identification:_identify(.) by extension 'ignore_ament_install'
[1.299s] Level 1:colcon.colcon_core.package_identification:_identify(.) by extensions ['colcon_pkg']
[1.299s] Level 1:colcon.colcon_core.package_identification:_identify(.) by extension 'colcon_pkg'
[1.299s] Level 1:colcon.colcon_core.package_identification:_identify(.) by extensions ['colcon_meta']
[1.299s] Level 1:colcon.colcon_core.package_identification:_identify(.) by extension 'colcon_meta'
[1.299s] Level 1:colcon.colcon_core.package_identification:_identify(.) by extensions ['ros']
[1.299s] Level 1:colcon.colcon_core.package_identification:_identify(.) by extension 'ros'
[1.311s] DEBUG:colcon.colcon_core.package_identification:Package '.' with type 'ros.ament_cmake' and name 'navfuse'
[1.311s] Level 1:colcon.colcon_core.package_discovery:discover_packages(recursive) using defaults
[1.311s] Level 1:colcon.colcon_core.package_discovery:discover_packages(ignore) discover
[1.311s] Level 1:colcon.colcon_core.package_discovery:discover_packages(ignore) using defaults
[1.311s] Level 1:colcon.colcon_core.package_discovery:discover_packages(path) discover
[1.311s] Level 1:colcon.colcon_core.package_discovery:discover_packages(path) using defaults
[1.410s] Level 1:colcon.colcon_core.package_discovery:discover_packages(prefix_path) check parameters
[1.410s] Level 1:colcon.colcon_core.package_discovery:discover_packages(prefix_path) discover
[1.425s] WARNING:colcon.colcon_ros.prefix_path.ament:The path '/home/zyme/ros_ws/navfuse/install/navfuse' in the environment variable AMENT_PREFIX_PATH doesn't exist
[1.426s] WARNING:colcon.colcon_ros.prefix_path.catkin:The path '/home/zyme/ros_ws/navfuse/install/navfuse' in the environment variable CMAKE_PREFIX_PATH doesn't exist
[1.441s] DEBUG:colcon.colcon_installed_package_information.package_discovery:Found 0 installed packages in /home/zyme/ros_ws/navfuse/install
[1.457s] DEBUG:colcon.colcon_installed_package_information.package_discovery:Found 2 installed packages in /home/zyme/ros_ws/sonic2laser/sonic_to_laser/install
[1.473s] DEBUG:colcon.colcon_installed_package_information.package_discovery:Found 3 installed packages in /home/zyme/ros_ws/microros_ws/install
[1.489s] DEBUG:colcon.colcon_installed_package_information.package_discovery:Found 1 installed packages in /home/zyme/ros_ws/rviz_satellite/install
[1.512s] DEBUG:colcon.colcon_installed_package_information.package_discovery:Found 1 installed packages in /home/zyme/ros_ws/Gyro_micro_ros/install
[1.528s] DEBUG:colcon.colcon_installed_package_information.package_discovery:Found 446 installed packages in /opt/ros/humble
[1.530s] Level 1:colcon.colcon_core.package_discovery:discover_packages(prefix_path) using defaults
[1.642s] Level 5:colcon.colcon_core.verb:set package 'navfuse' build argument 'cmake_args' from command line to 'None'
[1.642s] Level 5:colcon.colcon_core.verb:set package 'navfuse' build argument 'cmake_target' from command line to 'None'
[1.642s] Level 5:colcon.colcon_core.verb:set package 'navfuse' build argument 'cmake_target_skip_unavailable' from command line to 'False'
[1.642s] Level 5:colcon.colcon_core.verb:set package 'navfuse' build argument 'cmake_clean_cache' from command line to 'False'
[1.642s] Level 5:colcon.colcon_core.verb:set package 'navfuse' build argument 'cmake_clean_first' from command line to 'False'
[1.642s] Level 5:colcon.colcon_core.verb:set package 'navfuse' build argument 'cmake_force_configure' from command line to 'False'
[1.642s] Level 5:colcon.colcon_core.verb:set package 'navfuse' build argument 'ament_cmake_args' from command line to 'None'
[1.643s] Level 5:colcon.colcon_core.verb:set package 'navfuse' build argument 'catkin_cmake_args' from command line to 'None'
[1.643s] Level 5:colcon.colcon_core.verb:set package 'navfuse' build argument 'catkin_skip_building_tests' from command line to 'False'
[1.643s] DEBUG:colcon.colcon_core.verb:Building package 'navfuse' with the following arguments: {'ament_cmake_args': None, 'build_base': '/home/zyme/ros_ws/navfuse/build/navfuse', 'catkin_cmake_args': None, 'catkin_skip_building_tests': False, 'cmake_args': None, 'cmake_clean_cache': False, 'cmake_clean_first': False, 'cmake_force_configure': False, 'cmake_target': None, 'cmake_target_skip_unavailable': False, 'install_base': '/home/zyme/ros_ws/navfuse/install/navfuse', 'merge_install': False, 'path': '/home/zyme/ros_ws/navfuse', 'symlink_install': False, 'test_result_base': None}
[1.657s] INFO:colcon.colcon_core.executor:Executing jobs using 'parallel' executor
[1.672s] DEBUG:colcon.colcon_parallel_executor.executor.parallel:run_until_complete
[1.672s] INFO:colcon.colcon_ros.task.ament_cmake.build:Building ROS package in '/home/zyme/ros_ws/navfuse' with build type 'ament_cmake'
[1.672s] INFO:colcon.colcon_cmake.task.cmake.build:Building CMake package in '/home/zyme/ros_ws/navfuse'
[1.689s] INFO:colcon.colcon_core.plugin_system:Skipping extension 'colcon_core.shell.bat': Not used on non-Windows systems
[1.689s] INFO:colcon.colcon_core.shell:Skip shell extension 'powershell' for command environment: Not usable outside of PowerShell
[1.689s] DEBUG:colcon.colcon_core.shell:Skip shell extension 'dsv' for command environment
[1.801s] DEBUG:colcon.colcon_core.event_handler.log_command:Invoking command in '/home/zyme/ros_ws/navfuse/build/navfuse': CMAKE_PREFIX_PATH=${CMAKE_PREFIX_PATH}:/opt/ros/humble /usr/bin/cmake /home/zyme/ros_ws/navfuse -DCMAKE_INSTALL_PREFIX=/home/zyme/ros_ws/navfuse/install/navfuse
[3.739s] DEBUG:colcon.colcon_core.event_handler.log_command:Invoked command in '/home/zyme/ros_ws/navfuse/build/navfuse' returned '0': CMAKE_PREFIX_PATH=${CMAKE_PREFIX_PATH}:/opt/ros/humble /usr/bin/cmake /home/zyme/ros_ws/navfuse -DCMAKE_INSTALL_PREFIX=/home/zyme/ros_ws/navfuse/install/navfuse
[3.740s] DEBUG:colcon.colcon_core.event_handler.log_command:Invoking command in '/home/zyme/ros_ws/navfuse/build/navfuse': CMAKE_PREFIX_PATH=${CMAKE_PREFIX_PATH}:/opt/ros/humble /usr/bin/cmake --build /home/zyme/ros_ws/navfuse/build/navfuse -- -j12 -l12
[3.778s] DEBUG:colcon.colcon_core.event_handler.log_command:Invoked command in '/home/zyme/ros_ws/navfuse/build/navfuse' returned '0': CMAKE_PREFIX_PATH=${CMAKE_PREFIX_PATH}:/opt/ros/humble /usr/bin/cmake --build /home/zyme/ros_ws/navfuse/build/navfuse -- -j12 -l12
[3.808s] DEBUG:colcon.colcon_core.event_handler.log_command:Invoking command in '/home/zyme/ros_ws/navfuse/build/navfuse': CMAKE_PREFIX_PATH=${CMAKE_PREFIX_PATH}:/opt/ros/humble /usr/bin/cmake --install /home/zyme/ros_ws/navfuse/build/navfuse
[3.819s] Level 1:colcon.colcon_core.environment:create_environment_scripts_only(navfuse)
[3.819s] DEBUG:colcon.colcon_core.event_handler.log_command:Invoked command in '/home/zyme/ros_ws/navfuse/build/navfuse' returned '0': CMAKE_PREFIX_PATH=${CMAKE_PREFIX_PATH}:/opt/ros/humble /usr/bin/cmake --install /home/zyme/ros_ws/navfuse/build/navfuse
[3.836s] Level 1:colcon.colcon_core.environment:checking '/home/zyme/ros_ws/navfuse/install/navfuse' for CMake module files
[3.837s] Level 1:colcon.colcon_core.environment:checking '/home/zyme/ros_ws/navfuse/install/navfuse' for CMake config files
[3.837s] Level 1:colcon.colcon_core.shell:create_environment_hook('navfuse', 'cmake_prefix_path')
[3.852s] INFO:colcon.colcon_core.shell:Creating environment hook '/home/zyme/ros_ws/navfuse/install/navfuse/share/navfuse/hook/cmake_prefix_path.ps1'
[3.852s] INFO:colcon.colcon_core.shell:Creating environment descriptor '/home/zyme/ros_ws/navfuse/install/navfuse/share/navfuse/hook/cmake_prefix_path.dsv'
[3.853s] INFO:colcon.colcon_core.shell:Creating environment hook '/home/zyme/ros_ws/navfuse/install/navfuse/share/navfuse/hook/cmake_prefix_path.sh'
[3.853s] Level 1:colcon.colcon_core.environment:checking '/home/zyme/ros_ws/navfuse/install/navfuse/bin'
[3.853s] Level 1:colcon.colcon_core.environment:checking '/home/zyme/ros_ws/navfuse/install/navfuse/lib/pkgconfig/navfuse.pc'
[3.854s] Level 1:colcon.colcon_core.environment:checking '/home/zyme/ros_ws/navfuse/install/navfuse/lib/python3.10/site-packages'
[3.854s] Level 1:colcon.colcon_core.environment:checking '/home/zyme/ros_ws/navfuse/install/navfuse/bin'
[3.873s] INFO:colcon.colcon_core.shell:Creating package script '/home/zyme/ros_ws/navfuse/install/navfuse/share/navfuse/package.ps1'
[3.874s] INFO:colcon.colcon_core.shell:Creating package descriptor '/home/zyme/ros_ws/navfuse/install/navfuse/share/navfuse/package.dsv'
[3.874s] INFO:colcon.colcon_core.shell:Creating package script '/home/zyme/ros_ws/navfuse/install/navfuse/share/navfuse/package.sh'
[3.875s] INFO:colcon.colcon_core.shell:Creating package script '/home/zyme/ros_ws/navfuse/install/navfuse/share/navfuse/package.bash'
[3.875s] INFO:colcon.colcon_core.shell:Creating package script '/home/zyme/ros_ws/navfuse/install/navfuse/share/navfuse/package.zsh'
[3.876s] Level 1:colcon.colcon_core.environment:create_file_with_runtime_dependencies(/home/zyme/ros_ws/navfuse/install/navfuse/share/colcon-core/packages/navfuse)
[3.912s] Level 1:colcon.colcon_core.environment:create_environment_scripts_only(navfuse)
[3.927s] Level 1:colcon.colcon_core.environment:checking '/home/zyme/ros_ws/navfuse/install/navfuse' for CMake module files
[3.927s] Level 1:colcon.colcon_core.environment:checking '/home/zyme/ros_ws/navfuse/install/navfuse' for CMake config files
[3.927s] Level 1:colcon.colcon_core.shell:create_environment_hook('navfuse', 'cmake_prefix_path')
[3.942s] INFO:colcon.colcon_core.shell:Creating environment hook '/home/zyme/ros_ws/navfuse/install/navfuse/share/navfuse/hook/cmake_prefix_path.ps1'
[3.942s] INFO:colcon.colcon_core.shell:Creating environment descriptor '/home/zyme/ros_ws/navfuse/install/navfuse/share/navfuse/hook/cmake_prefix_path.dsv'
[3.943s] INFO:colcon.colcon_core.shell:Creating environment hook '/home/zyme/ros_ws/navfuse/install/navfuse/share/navfuse/hook/cmake_prefix_path.sh'
[3.943s] Level 1:colcon.colcon_core.environment:checking '/home/zyme/ros_ws/navfuse/install/navfuse/bin'
[3.943s] Level 1:colcon.colcon_core.environment:checking '/home/zyme/ros_ws/navfuse/install/navfuse/lib/pkgconfig/navfuse.pc'
[3.943s] Level 1:colcon.colcon_core.environment:checking '/home/zyme/ros_ws/navfuse/install/navfuse/lib/python3.10/site-packages'
[3.943s] Level 1:colcon.colcon_core.environment:checking '/home/zyme/ros_ws/navfuse/install/navfuse/bin'
[3.959s] INFO:colcon.colcon_core.shell:Creating package script '/home/zyme/ros_ws/navfuse/install/navfuse/share/navfuse/package.ps1'
[3.959s] INFO:colcon.colcon_core.shell:Creating package descriptor '/home/zyme/ros_ws/navfuse/install/navfuse/share/navfuse/package.dsv'
[3.959s] INFO:colcon.colcon_core.shell:Creating package script '/home/zyme/ros_ws/navfuse/install/navfuse/share/navfuse/package.sh'
[3.960s] INFO:colcon.colcon_core.shell:Creating package script '/home/zyme/ros_ws/navfuse/install/navfuse/share/navfuse/package.bash'
[3.960s] INFO:colcon.colcon_core.shell:Creating package script '/home/zyme/ros_ws/navfuse/install/navfuse/share/navfuse/package.zsh'
[3.960s] Level 1:colcon.colcon_core.environment:create_file_with_runtime_dependencies(/home/zyme/ros_ws/navfuse/install/navfuse/share/colcon-core/packages/navfuse)
[3.961s] DEBUG:colcon.colcon_parallel_executor.executor.parallel:closing loop
[3.961s] DEBUG:colcon.colcon_parallel_executor.executor.parallel:loop closed
[3.961s] DEBUG:colcon.colcon_parallel_executor.executor.parallel:run_until_complete finished with '0'
[3.961s] DEBUG:colcon.colcon_core.event_reactor:joining thread
[3.983s] INFO:colcon.colcon_core.plugin_system:Skipping extension 'colcon_notification.desktop_notification.terminal_notifier': Not used on non-Darwin systems
[3.983s] INFO:colcon.colcon_core.plugin_system:Skipping extension 'colcon_notification.desktop_notification.win32': Not used on non-Windows systems
[3.983s] INFO:colcon.colcon_notification.desktop_notification:Sending desktop notification using 'notify2'
[3.996s] DEBUG:colcon.colcon_core.event_reactor:joined thread
[4.011s] INFO:colcon.colcon_core.shell:Creating prefix script '/home/zyme/ros_ws/navfuse/install/local_setup.ps1'
[4.012s] INFO:colcon.colcon_core.shell:Creating prefix util module '/home/zyme/ros_ws/navfuse/install/_local_setup_util_ps1.py'
[4.014s] INFO:colcon.colcon_core.shell:Creating prefix chain script '/home/zyme/ros_ws/navfuse/install/setup.ps1'
[4.030s] INFO:colcon.colcon_core.shell:Creating prefix script '/home/zyme/ros_ws/navfuse/install/local_setup.sh'
[4.030s] INFO:colcon.colcon_core.shell:Creating prefix util module '/home/zyme/ros_ws/navfuse/install/_local_setup_util_sh.py'
[4.031s] INFO:colcon.colcon_core.shell:Creating prefix chain script '/home/zyme/ros_ws/navfuse/install/setup.sh'
[4.050s] INFO:colcon.colcon_core.shell:Creating prefix script '/home/zyme/ros_ws/navfuse/install/local_setup.bash'
[4.050s] INFO:colcon.colcon_core.shell:Creating prefix chain script '/home/zyme/ros_ws/navfuse/install/setup.bash'
[4.066s] INFO:colcon.colcon_core.shell:Creating prefix script '/home/zyme/ros_ws/navfuse/install/local_setup.zsh'
[4.067s] INFO:colcon.colcon_core.shell:Creating prefix chain script '/home/zyme/ros_ws/navfuse/install/setup.zsh'
