[0.129s] Invoking command in '/home/zyme/ros_ws/navfuse/build/navfuse': CMAKE_PREFIX_PATH=${CMAKE_PREFIX_PATH}:/opt/ros/humble /usr/bin/cmake /home/zyme/ros_ws/navfuse -DCMAKE_INSTALL_PREFIX=/home/zyme/ros_ws/navfuse/install/navfuse
[0.206s] -- The C compiler identification is GNU 11.4.0
[0.260s] -- The CXX compiler identification is GNU 11.4.0
[0.267s] -- Detecting C compiler ABI info
[0.335s] -- Detecting C compiler ABI info - done
[0.342s] -- Check for working C compiler: /usr/bin/cc - skipped
[0.342s] -- Detecting C compile features
[0.342s] -- Detecting C compile features - done
[0.345s] -- Detecting CXX compiler ABI info
[0.421s] -- Detecting CXX compiler ABI info - done
[0.428s] -- Check for working CXX compiler: /usr/bin/c++ - skipped
[0.428s] -- Detecting CXX compile features
[0.429s] -- Detecting CXX compile features - done
[0.436s] -- Found ament_cmake: 1.3.5 (/opt/ros/humble/share/ament_cmake/cmake)
[0.594s] -- Found Python3: /usr/bin/python3.10 (found version "3.10.12") found components: Interpreter 
[0.696s] -- Found rclcpp: 16.0.6 (/opt/ros/humble/share/rclcpp/cmake)
[0.756s] -- Found rosidl_generator_c: 3.1.5 (/opt/ros/humble/share/rosidl_generator_c/cmake)
[0.763s] -- Found rosidl_adapter: 3.1.5 (/opt/ros/humble/share/rosidl_adapter/cmake)
[0.775s] -- Found rosidl_generator_cpp: 3.1.5 (/opt/ros/humble/share/rosidl_generator_cpp/cmake)
[0.793s] -- Using all available rosidl_typesupport_c: rosidl_typesupport_fastrtps_c;rosidl_typesupport_introspection_c
[0.817s] -- Using all available rosidl_typesupport_cpp: rosidl_typesupport_fastrtps_cpp;rosidl_typesupport_introspection_cpp
[0.903s] -- Found rmw_implementation_cmake: 6.1.1 (/opt/ros/humble/share/rmw_implementation_cmake/cmake)
[0.908s] -- Found rmw_fastrtps_cpp: 6.2.4 (/opt/ros/humble/share/rmw_fastrtps_cpp/cmake)
[1.015s] -- Found OpenSSL: /usr/lib/x86_64-linux-gnu/libcrypto.so (found version "3.0.2")  
[1.043s] -- Found FastRTPS: /opt/ros/humble/include  
[1.090s] -- Using RMW implementation 'rmw_fastrtps_cpp' as default
[1.104s] -- Looking for pthread.h
[1.172s] -- Looking for pthread.h - found
[1.172s] -- Performing Test CMAKE_HAVE_LIBC_PTHREAD
[1.240s] -- Performing Test CMAKE_HAVE_LIBC_PTHREAD - Success
[1.241s] -- Found Threads: TRUE  
[1.412s] -- Found rclpy: 3.3.10 (/opt/ros/humble/share/rclpy/cmake)
[1.414s] -- Found sensor_msgs: 4.2.3 (/opt/ros/humble/share/sensor_msgs/cmake)
[1.548s] -- Found tf2: 0.25.4 (/opt/ros/humble/share/tf2/cmake)
[1.567s] -- Found tf2_ros: 0.25.4 (/opt/ros/humble/share/tf2_ros/cmake)
[1.917s] -- Found ament_lint_auto: 0.12.8 (/opt/ros/humble/share/ament_lint_auto/cmake)
[2.015s] -- Added test 'cppcheck' to perform static code analysis on C / C++ code
[2.015s] -- Configured cppcheck include dirs: 
[2.015s] -- Configured cppcheck exclude dirs and/or files: 
[2.018s] -- Added test 'flake8' to check Python code syntax and style conventions
[2.023s] -- Added test 'lint_cmake' to check CMake code style
[2.026s] -- Added test 'pep257' to check Python code against some of the docstring style conventions in PEP 257
[2.045s] -- Added test 'uncrustify' to check C / C++ code style
[2.045s] -- Configured uncrustify additional arguments: 
[2.048s] -- Added test 'xmllint' to check XML markup files
[2.050s] -- Configuring done
[2.055s] -- Generating done
[2.057s] -- Build files have been written to: /home/zyme/ros_ws/navfuse/build/navfuse
[2.066s] Invoked command in '/home/zyme/ros_ws/navfuse/build/navfuse' returned '0': CMAKE_PREFIX_PATH=${CMAKE_PREFIX_PATH}:/opt/ros/humble /usr/bin/cmake /home/zyme/ros_ws/navfuse -DCMAKE_INSTALL_PREFIX=/home/zyme/ros_ws/navfuse/install/navfuse
[2.068s] Invoking command in '/home/zyme/ros_ws/navfuse/build/navfuse': CMAKE_PREFIX_PATH=${CMAKE_PREFIX_PATH}:/opt/ros/humble /usr/bin/cmake --build /home/zyme/ros_ws/navfuse/build/navfuse -- -j12 -l12
[2.105s] Invoked command in '/home/zyme/ros_ws/navfuse/build/navfuse' returned '0': CMAKE_PREFIX_PATH=${CMAKE_PREFIX_PATH}:/opt/ros/humble /usr/bin/cmake --build /home/zyme/ros_ws/navfuse/build/navfuse -- -j12 -l12
[2.135s] Invoking command in '/home/zyme/ros_ws/navfuse/build/navfuse': CMAKE_PREFIX_PATH=${CMAKE_PREFIX_PATH}:/opt/ros/humble /usr/bin/cmake --install /home/zyme/ros_ws/navfuse/build/navfuse
[2.142s] -- Install configuration: ""
[2.143s] -- Installing: /home/zyme/ros_ws/navfuse/install/navfuse/share/navfuse//launch
[2.143s] -- Installing: /home/zyme/ros_ws/navfuse/install/navfuse/share/navfuse//launch/tran.launch.py
[2.143s] -- Installing: /home/zyme/ros_ws/navfuse/install/navfuse/share/navfuse//launch/test.launch.xml
[2.143s] -- Installing: /home/zyme/ros_ws/navfuse/install/navfuse/share/navfuse//launch/mapviz.launch.py
[2.143s] -- Installing: /home/zyme/ros_ws/navfuse/install/navfuse/share/navfuse//launch/launch.launch.py
[2.143s] -- Installing: /home/zyme/ros_ws/navfuse/install/navfuse/share/navfuse//config
[2.143s] -- Installing: /home/zyme/ros_ws/navfuse/install/navfuse/share/navfuse//config/ekf_with_gps.yaml
[2.143s] -- Installing: /home/zyme/ros_ws/navfuse/install/navfuse/share/navfuse//config/navsat_transform.yaml
[2.143s] -- Installing: /home/zyme/ros_ws/navfuse/install/navfuse/share/ament_index/resource_index/package_run_dependencies/navfuse
[2.144s] -- Installing: /home/zyme/ros_ws/navfuse/install/navfuse/share/ament_index/resource_index/parent_prefix_path/navfuse
[2.144s] -- Installing: /home/zyme/ros_ws/navfuse/install/navfuse/share/navfuse/environment/ament_prefix_path.sh
[2.144s] -- Installing: /home/zyme/ros_ws/navfuse/install/navfuse/share/navfuse/environment/ament_prefix_path.dsv
[2.144s] -- Installing: /home/zyme/ros_ws/navfuse/install/navfuse/share/navfuse/environment/path.sh
[2.144s] -- Installing: /home/zyme/ros_ws/navfuse/install/navfuse/share/navfuse/environment/path.dsv
[2.144s] -- Installing: /home/zyme/ros_ws/navfuse/install/navfuse/share/navfuse/local_setup.bash
[2.144s] -- Installing: /home/zyme/ros_ws/navfuse/install/navfuse/share/navfuse/local_setup.sh
[2.144s] -- Installing: /home/zyme/ros_ws/navfuse/install/navfuse/share/navfuse/local_setup.zsh
[2.144s] -- Installing: /home/zyme/ros_ws/navfuse/install/navfuse/share/navfuse/local_setup.dsv
[2.145s] -- Installing: /home/zyme/ros_ws/navfuse/install/navfuse/share/navfuse/package.dsv
[2.145s] -- Installing: /home/zyme/ros_ws/navfuse/install/navfuse/share/ament_index/resource_index/packages/navfuse
[2.145s] -- Installing: /home/zyme/ros_ws/navfuse/install/navfuse/share/navfuse/cmake/navfuseConfig.cmake
[2.145s] -- Installing: /home/zyme/ros_ws/navfuse/install/navfuse/share/navfuse/cmake/navfuseConfig-version.cmake
[2.145s] -- Installing: /home/zyme/ros_ws/navfuse/install/navfuse/share/navfuse/package.xml
[2.147s] Invoked command in '/home/zyme/ros_ws/navfuse/build/navfuse' returned '0': CMAKE_PREFIX_PATH=${CMAKE_PREFIX_PATH}:/opt/ros/humble /usr/bin/cmake --install /home/zyme/ros_ws/navfuse/build/navfuse
